<?xml version="1.0" encoding="UTF-8"?>
<!-- Generated by org.testng.reporters.JUnitReportReporter -->
<testsuite hostname="DESKTOP-LN90GCJ" failures="0" tests="3" name="com.Day8.dataProvider" time="0.043" errors="0" timestamp="2025-08-28T20:35:01 IST" skipped="0">
  <testcase classname="com.Day8.dataProvider" name="addNumbers" time="0.028"/>
  <testcase classname="com.Day8.dataProvider" name="addNumbers" time="0.012"/>
  <testcase classname="com.Day8.dataProvider" name="addNumbers" time="0.003"/>
</testsuite> <!-- com.Day8.dataProvider -->
