<?xml version="1.0" encoding="UTF-8"?>
<!-- Generated by org.testng.reporters.JUnitReportReporter -->
<testsuite hostname="DESKTOP-LN90GCJ" failures="0" tests="3" name="com.Day6.XSocialMedia" time="60.007" errors="0" timestamp="2025-08-19T17:37:28 IST" skipped="0">
  <testcase classname="com.Day6.XSocialMedia" name="loginToAccount" time="26.279"/>
  <testcase classname="com.Day6.XSocialMedia" name="createNewPost" time="15.530"/>
  <testcase classname="com.Day6.XSocialMedia" name="commentOnPost" time="18.198"/>
</testsuite> <!-- com.Day6.XSocialMedia -->
