<?xml version="1.0" encoding="UTF-8"?>
<!-- Generated by org.testng.reporters.JUnitReportReporter -->
<testsuite hostname="DESKTOP-LN90GCJ" failures="0" tests="3" name="com.Day8.Dependencies" time="9.243" errors="0" timestamp="2025-08-28T20:38:04 IST" skipped="0">
  <testcase classname="com.Day8.Dependencies" name="login" time="2.658"/>
  <testcase classname="com.Day8.Dependencies" name="openWebsite" time="1.182"/>
  <testcase classname="com.Day8.Dependencies" name="registerPatient" time="5.403"/>
</testsuite> <!-- com.Day8.Dependencies -->
