<?xml version="1.0" encoding="UTF-8"?>
<!-- Generated by org.testng.reporters.JUnitReportReporter -->
<testsuite hostname="DESKTOP-LN90GCJ" failures="0" tests="4" name="com.Day6.amazon" time="76.319" errors="0" timestamp="2025-08-20T11:19:55 IST" skipped="0">
  <testcase classname="com.Day6.amazon" name="LogIn" time="8.667"/>
  <testcase classname="com.Day6.amazon" name="productSearch" time="48.855"/>
  <testcase classname="com.Day6.amazon" name="checkOut" time="7.473"/>
  <testcase classname="com.Day6.amazon" name="logOut" time="11.324"/>
</testsuite> <!-- com.Day6.amazon -->
