<?xml version="1.0" encoding="UTF-8"?>
<!-- Generated by org.testng.reporters.JUnitReportReporter -->
<testsuite hostname="DESKTOP-LN90GCJ" failures="0" tests="4" name="com.Day8.AmazonDataProvider" time="18.254" errors="0" timestamp="2025-08-28T20:35:57 IST" skipped="0">
  <testcase classname="com.Day8.AmazonDataProvider" name="searchProduct" time="5.363"/>
  <testcase classname="com.Day8.AmazonDataProvider" name="searchProduct" time="6.784"/>
  <testcase classname="com.Day8.AmazonDataProvider" name="testTitle" time="0.018"/>
  <testcase classname="com.Day8.AmazonDataProvider" name="searchProduct" time="6.089"/>
</testsuite> <!-- com.Day8.AmazonDataProvider -->
