<?xml version="1.0" encoding="UTF-8"?>
<testng-results ignored="0" total="3" passed="3" failed="0" skipped="0">
  <reporter-output>
  </reporter-output>
  <suite started-at="2025-08-28T20:37:51 IST" name="Default suite" finished-at="2025-08-28T20:38:03 IST" duration-ms="12100">
    <groups>
    </groups>
    <test started-at="2025-08-28T20:37:51 IST" name="Default test" finished-at="2025-08-28T20:38:03 IST" duration-ms="12100">
      <class name="com.Day8.Dependencies">
        <test-method is-config="true" signature="setup()[pri:0, instance:com.Day8.Dependencies@139982de]" started-at="2025-08-28T20:37:51 IST" name="setup" finished-at="2025-08-28T20:37:54 IST" duration-ms="2518" status="PASS">
          <reporter-output>
          </reporter-output>
        </test-method> <!-- setup -->
        <test-method signature="openWebsite()[pri:0, instance:com.Day8.Dependencies@139982de]" started-at="2025-08-28T20:37:54 IST" name="openWebsite" finished-at="2025-08-28T20:37:55 IST" duration-ms="1182" status="PASS">
          <reporter-output>
          </reporter-output>
        </test-method> <!-- openWebsite -->
        <test-method signature="login()[pri:0, instance:com.Day8.Dependencies@139982de]" started-at="2025-08-28T20:37:55 IST" name="login" finished-at="2025-08-28T20:37:58 IST" depends-on-methods="com.Day8.Dependencies.openWebsite" duration-ms="2658" status="PASS">
          <reporter-output>
          </reporter-output>
        </test-method> <!-- login -->
        <test-method signature="registerPatient()[pri:0, instance:com.Day8.Dependencies@139982de]" started-at="2025-08-28T20:37:58 IST" name="registerPatient" finished-at="2025-08-28T20:38:03 IST" depends-on-methods="com.Day8.Dependencies.login, com.Day8.Dependencies.openWebsite" duration-ms="5403" status="PASS">
          <reporter-output>
          </reporter-output>
        </test-method> <!-- registerPatient -->
        <test-method is-config="true" signature="tearDown()[pri:0, instance:com.Day8.Dependencies@139982de]" started-at="2025-08-28T20:38:03 IST" name="tearDown" finished-at="2025-08-28T20:38:03 IST" duration-ms="261" status="PASS">
          <reporter-output>
          </reporter-output>
        </test-method> <!-- tearDown -->
      </class> <!-- com.Day8.Dependencies -->
    </test> <!-- Default test -->
  </suite> <!-- Default suite -->
</testng-results>
