<?xml version="1.0" encoding="UTF-8"?>
<testng-results ignored="4" total="4" passed="0" failed="0" skipped="0">
  <reporter-output>
  </reporter-output>
  <suite started-at="2025-08-20T17:50:57 IST" name="Amazon Test Suite" finished-at="2025-08-20T17:50:57 IST" duration-ms="34">
    <groups>
    </groups>
    <test started-at="2025-08-20T17:50:57 IST" name="All Tests" finished-at="2025-08-20T17:50:57 IST" duration-ms="34">
    </test> <!-- All Tests -->
  </suite> <!-- Amazon Test Suite -->
</testng-results>
