<?xml version="1.0" encoding="UTF-8"?>
<!-- Generated by org.testng.reporters.JUnitXMLReporter -->
<testsuite ignored="0" hostname="DESKTOP-LN90GCJ" failures="0" tests="3" name="AmazonTest" time="52.742" errors="0" timestamp="2025-08-20T15:51:54 IST">
  <testcase classname="com.Day7.AmazonLogin" name="LogIn" time="5.467"/>
  <testcase classname="com.Day7.AmazonLogin" name="productSearch" time="32.607"/>
  <testcase classname="com.Day7.AmazonLogin" name="logOut" time="7.626"/>
</testsuite> <!-- AmazonTest -->
