<?xml version="1.0" encoding="UTF-8"?>
<!-- Generated by org.testng.reporters.JUnitXMLReporter -->
<testsuite ignored="1" hostname="DESKTOP-LN90GCJ" failures="2" tests="2" name="RegressionTests" time="0.025" errors="0" timestamp="2025-08-20T15:52:47 IST">
  <testcase classname="com.Day7.AmazonLogin" name="productSearch" time="0.003">
    <failure type="java.lang.NullPointerException" message="Cannot invoke &amp;quot;org.openqa.selenium.WebDriver.findElement(org.openqa.selenium.By)&amp;quot; because &amp;quot;this.driver&amp;quot; is null">
      <![CDATA[java.lang.NullPointerException: Cannot invoke "org.openqa.selenium.WebDriver.findElement(org.openqa.selenium.By)" because "this.driver" is null
at com.Day7.AmazonLogin.productSearch(AmazonLogin.java:40)
at java.base/java.util.ArrayList.forEach(ArrayList.java:1596)
... Removed 25 stack frames]]>
    </failure>
  </testcase> <!-- productSearch -->
  <testcase classname="com.Day7.AmazonLogin" name="logOut" time="0.007">
    <failure type="java.lang.NullPointerException" message="Cannot invoke &amp;quot;org.openqa.selenium.WebDriver.findElement(org.openqa.selenium.By)&amp;quot; because &amp;quot;this.driver&amp;quot; is null">
      <![CDATA[java.lang.NullPointerException: Cannot invoke "org.openqa.selenium.WebDriver.findElement(org.openqa.selenium.By)" because "this.driver" is null
at com.Day7.AmazonLogin.logOut(AmazonLogin.java:59)
at java.base/java.util.ArrayList.forEach(ArrayList.java:1596)
... Removed 25 stack frames]]>
    </failure>
  </testcase> <!-- logOut -->
  <testcase classname="com.Day7.AmazonLogin" name="LogIn" time="0.0">
    <ignored/>
  </testcase> <!-- LogIn -->
</testsuite> <!-- RegressionTests -->
