<?xml version="1.0" encoding="UTF-8"?>
<!-- Generated by org.testng.reporters.JUnitXMLReporter -->
<testsuite ignored="2" hostname="DESKTOP-LN90GCJ" failures="1" tests="1" name="Amazon Sanity Tests" time="0.029" errors="0" timestamp="2025-08-20T16:26:16 IST">
  <testcase classname="com.Day7.AmazonLogin" name="logOut" time="0.012">
    <failure type="java.lang.NullPointerException" message="Cannot invoke &amp;quot;org.openqa.selenium.WebDriver.findElement(org.openqa.selenium.By)&amp;quot; because &amp;quot;this.driver&amp;quot; is null">
      <![CDATA[java.lang.NullPointerException: Cannot invoke "org.openqa.selenium.WebDriver.findElement(org.openqa.selenium.By)" because "this.driver" is null
at com.Day7.AmazonLogin.logOut(AmazonLogin.java:59)
at java.base/java.util.ArrayList.forEach(ArrayList.java:1596)
... Removed 25 stack frames]]>
    </failure>
  </testcase> <!-- logOut -->
  <testcase classname="com.Day7.AmazonLogin" name="productSearch" time="0.0">
    <ignored/>
  </testcase> <!-- productSearch -->
  <testcase classname="com.Day7.AmazonLogin" name="LogIn" time="0.0">
    <ignored/>
  </testcase> <!-- LogIn -->
</testsuite> <!-- Amazon Sanity Tests -->
