<?xml version="1.0" encoding="UTF-8"?>
<!-- Generated by org.testng.reporters.JUnitXMLReporter -->
<testsuite ignored="2" hostname="DESKTOP-LN90GCJ" failures="0" tests="2" name="Smoke + Sanity Tests" time="48.823" errors="0" timestamp="2025-08-20T17:33:10 IST">
  <testcase classname="com.Day7.AmazonLogin" name="logIn" time="11.178"/>
  <testcase classname="com.Day7.AmazonLogin" name="productSearch" time="31.91"/>
  <testcase classname="com.Day7.AmazonLogin" name="checkOut" time="0.0">
    <ignored/>
  </testcase> <!-- checkOut -->
  <testcase classname="com.Day7.AmazonLogin" name="logOut" time="0.0">
    <ignored/>
  </testcase> <!-- logOut -->
</testsuite> <!-- Smoke + Sanity Tests -->
