<?xml version="1.0" encoding="UTF-8"?>
<!-- Generated by org.testng.reporters.JUnitXMLReporter -->
<testsuite ignored="3" hostname="DESKTOP-LN90GCJ" failures="0" tests="1" name="Smoke Tests" time="20.243" errors="0" timestamp="2025-08-20T17:29:52 IST">
  <testcase classname="com.Day7.AmazonLogin" name="logIn" time="15.225"/>
  <testcase classname="com.Day7.AmazonLogin" name="productSearch" time="0.0">
    <ignored/>
  </testcase> <!-- productSearch -->
  <testcase classname="com.Day7.AmazonLogin" name="checkOut" time="0.0">
    <ignored/>
  </testcase> <!-- checkOut -->
  <testcase classname="com.Day7.AmazonLogin" name="logOut" time="0.0">
    <ignored/>
  </testcase> <!-- logOut -->
</testsuite> <!-- Smoke Tests -->
