<?xml version="1.0" encoding="UTF-8"?>
<!-- Generated by org.testng.reporters.JUnitXMLReporter -->
<testsuite ignored="0" hostname="DESKTOP-LN90GCJ" failures="0" tests="4" name="RegressionTests" time="73.987" errors="0" timestamp="2025-08-20T16:55:22 IST">
  <testcase classname="com.Day7.AmazonLogin" name="logIn" time="7.231"/>
  <testcase classname="com.Day7.AmazonLogin" name="productSearch" time="31.637"/>
  <testcase classname="com.Day7.AmazonLogin" name="checkOut" time="12.429"/>
  <testcase classname="com.Day7.AmazonLogin" name="logOut" time="11.443"/>
</testsuite> <!-- RegressionTests -->
