<?xml version="1.0" encoding="UTF-8"?>
<!-- Generated by org.testng.reporters.JUnitXMLReporter -->
<testsuite ignored="4" hostname="DESKTOP-LN90GCJ" failures="0" tests="0" time="0.014" errors="0" timestamp="2025-08-20T17:25:14 IST">
  <testcase classname="com.Day7.AmazonLogin" name="checkOut" time="0.0">
    <ignored/>
  </testcase> <!-- checkOut -->
  <testcase classname="com.Day7.AmazonLogin" name="productSearch" time="0.0">
    <ignored/>
  </testcase> <!-- productSearch -->
  <testcase classname="com.Day7.AmazonLogin" name="logIn" time="0.0">
    <ignored/>
  </testcase> <!-- logIn -->
  <testcase classname="com.Day7.AmazonLogin" name="logOut" time="0.0">
    <ignored/>
  </testcase> <!-- logOut -->
</testsuite>
