<?xml version="1.0" encoding="UTF-8"?>
<!-- Generated by org.testng.reporters.JUnitXMLReporter -->
<testsuite ignored="0" hostname="DESKTOP-LN90GCJ" failures="0" tests="3" name="Default test" time="78.18" errors="0" timestamp="2025-08-20T16:35:08 IST">
  <testcase classname="com.Day7.AmazonLogin" name="LogIn" time="8.13"/>
  <testcase classname="com.Day7.AmazonLogin" name="productSearch" time="48.07"/>
  <testcase classname="com.Day7.AmazonLogin" name="logOut" time="10.923"/>
</testsuite> <!-- Default test -->
