<?xml version="1.0" encoding="UTF-8"?>
<!-- Generated by org.testng.reporters.JUnitReportReporter -->
<testsuite hostname="LAPTOP-J9T0DEHG" failures="0" tests="5" name="runners.TestRunner" time="67.173" errors="0" timestamp="2025-09-03T12:54:23 IST" skipped="0">
  <testcase classname="runners.TestRunner" name="runScenario" time="23.366"/>
  <testcase classname="runners.TestRunner" name="runScenario" time="7.487"/>
  <testcase classname="runners.TestRunner" name="runScenario" time="23.141"/>
  <testcase classname="runners.TestRunner" name="runScenario" time="4.943"/>
  <testcase classname="runners.TestRunner" name="runScenario" time="8.236"/>
</testsuite> <!-- runners.TestRunner -->
